#
# There is insufficient memory for the Java Runtime Environment to continue.
# Native memory allocation (mmap) failed to map 266338304 bytes for Failed to commit area from 0x0000000703200000 to 0x0000000713000000 of length 266338304.
# Possible reasons:
#   The system is out of physical RAM or swap space
#   The process is running with CompressedOops enabled, and the Java Heap may be blocking the growth of the native heap
# Possible solutions:
#   Reduce memory load on the system
#   Increase physical memory or swap space
#   Check if swap backing store is full
#   Decrease Java heap size (-Xmx/-Xms)
#   Decrease number of Java threads
#   Decrease Java thread stack sizes (-Xss)
#   Set larger code cache with -XX:ReservedCodeCacheSize=
# This output file may be truncated or incomplete.
#
#  Out of Memory Error (t:/workspace/open/src/hotspot/os/windows/os_windows.cpp:3264), pid=42468, tid=43612
#
# JRE version:  (12.0.2+10) (build )
# Java VM: Java HotSpot(TM) 64-Bit Server VM (12.0.2+10, mixed mode, aot, sharing, tiered, compressed oops, g1 gc, windows-amd64)
# No core dump will be written. Minidumps are not enabled by default on client versions of Windows
#

---------------  S U M M A R Y ------------

Command Line: -Dfile.encoding=UTF-8 --module-path=C:\Users\Harry Brar\Documents\NetBeansProjects\920060268FINAL\build\classes pkg920060268final.Main

Host: Intel(R) Core(TM) i7-8750H CPU @ 2.20GHz, 12 cores, 15G,  Windows 10 , 64 bit Build 18362 (10.0.18362.778)
Time: Sun May 17 23:41:30 2020 Pacific Daylight Time elapsed time: 0 seconds (0d 0h 0m 0s)

---------------  T H R E A D  ---------------

Current thread (0x000001ce40e86800):  JavaThread "Unknown thread" [_thread_in_vm, id=43612, stack(0x000000be11900000,0x000000be11a00000)]

Stack: [0x000000be11900000,0x000000be11a00000]
Native frames: (J=compiled Java code, j=interpreted, Vv=VM code, C=native code)
V  [jvm.dll+0x63aa2a]
V  [jvm.dll+0x78ce1e]
V  [jvm.dll+0x78e4c1]
V  [jvm.dll+0x78eb13]
V  [jvm.dll+0x2627e8]
V  [jvm.dll+0x637f5a]
V  [jvm.dll+0x62c845]
V  [jvm.dll+0x31e49c]
V  [jvm.dll+0x31e2cf]
V  [jvm.dll+0x324006]
V  [jvm.dll+0x371f56]
V  [jvm.dll+0x371720]
V  [jvm.dll+0x2f845a]
V  [jvm.dll+0x2f96d2]
V  [jvm.dll+0x767267]
V  [jvm.dll+0x7689f5]
V  [jvm.dll+0x380059]
V  [jvm.dll+0x74b794]
V  [jvm.dll+0x3ef5cd]
V  [jvm.dll+0x3f1471]
C  [jli.dll+0x51cf]
C  [ucrtbase.dll+0x20e82]
C  [KERNEL32.DLL+0x17bd4]
C  [ntdll.dll+0x6ce51]


---------------  P R O C E S S  ---------------

Threads class SMR info:
_java_thread_list=0x00007ffa10097928, length=0, elements={
}

Java Threads: ( => current thread )

Other Threads:
  0x000001ce40eec800 GCTaskThread "GC Thread#0" [stack: 0x000000be11a00000,0x000000be11b00000] [id=44668]
  0x000001ce40f09000 ConcurrentGCThread "G1 Main Marker" [stack: 0x000000be11b00000,0x000000be11c00000] [id=28540]
  0x000001ce40f0c800 ConcurrentGCThread "G1 Conc#0" [stack: 0x000000be11c00000,0x000000be11d00000] [id=32676]

[error occurred during error reporting (printing all threads), id 0xc0000005, EXCEPTION_ACCESS_VIOLATION (0xc0000005) at pc=0x00007ffa0f8c85e7]

VM state:not at safepoint (not fully initialized)

VM Mutex/Monitor currently owned by a thread:  ([mutex/lock_event])
[0x000001ce40e817b0] Heap_lock - owner thread: 0x000001ce40e86800

Heap address: 0x0000000703200000, size: 4046 MB, Compressed Oops mode: Non-zero based: 0x0000000703200000
Narrow klass base: 0x0000000000000000, Narrow klass shift: 0

GC Heap History (0 events):
No events

Deoptimization events (0 events):
No events

Classes redefined (0 events):
No events

Internal exceptions (0 events):
No events

Events (0 events):
No events


Dynamic libraries:
0x00007ff7f7ca0000 - 0x00007ff7f7caf000 	C:\Program Files\Java\jdk-12.0.2\bin\java.exe
0x00007ffa94940000 - 0x00007ffa94b30000 	C:\WINDOWS\SYSTEM32\ntdll.dll
0x00007ffa92e90000 - 0x00007ffa92f42000 	C:\WINDOWS\System32\KERNEL32.DLL
0x00007ffa91a20000 - 0x00007ffa91cc4000 	C:\WINDOWS\System32\KERNELBASE.dll
0x00007ffa91d80000 - 0x00007ffa91e7a000 	C:\WINDOWS\System32\ucrtbase.dll
0x00007ffa8a4d0000 - 0x00007ffa8a4e8000 	C:\Program Files\Java\jdk-12.0.2\bin\jli.dll
0x00007ffa8c670000 - 0x00007ffa8c686000 	C:\Program Files\Java\jdk-12.0.2\bin\VCRUNTIME140.dll
0x00007ffa92f90000 - 0x00007ffa93033000 	C:\WINDOWS\System32\ADVAPI32.dll
0x00007ffa940f0000 - 0x00007ffa9418e000 	C:\WINDOWS\System32\msvcrt.dll
0x00007ffa93c70000 - 0x00007ffa93d07000 	C:\WINDOWS\System32\sechost.dll
0x00007ffa92a10000 - 0x00007ffa92b30000 	C:\WINDOWS\System32\RPCRT4.dll
0x00007ffa92cf0000 - 0x00007ffa92e84000 	C:\WINDOWS\System32\USER32.dll
0x00007ffa91ea0000 - 0x00007ffa91ec1000 	C:\WINDOWS\System32\win32u.dll
0x00007ffa92f50000 - 0x00007ffa92f76000 	C:\WINDOWS\System32\GDI32.dll
0x00007ffa81380000 - 0x00007ffa81604000 	C:\WINDOWS\WinSxS\amd64_microsoft.windows.common-controls_6595b64144ccf1df_6.0.18362.836_none_e6c4b943130f18ed\COMCTL32.dll
0x00007ffa920d0000 - 0x00007ffa92264000 	C:\WINDOWS\System32\gdi32full.dll
0x00007ffa93930000 - 0x00007ffa93c66000 	C:\WINDOWS\System32\combase.dll
0x00007ffa918d0000 - 0x00007ffa9196e000 	C:\WINDOWS\System32\msvcp_win.dll
0x00007ffa92020000 - 0x00007ffa920a0000 	C:\WINDOWS\System32\bcryptPrimitives.dll
0x00007ffa8a700000 - 0x00007ffa8a70a000 	C:\WINDOWS\SYSTEM32\VERSION.dll
0x00007ffa940c0000 - 0x00007ffa940ee000 	C:\WINDOWS\System32\IMM32.DLL
0x00007ffa874a0000 - 0x00007ffa8754a000 	C:\Program Files\Java\jdk-12.0.2\bin\msvcp140.dll
0x00007ffa0f5c0000 - 0x00007ffa10137000 	C:\Program Files\Java\jdk-12.0.2\bin\server\jvm.dll
0x00007ffa93d80000 - 0x00007ffa93d88000 	C:\WINDOWS\System32\PSAPI.DLL
0x00007ffa8d750000 - 0x00007ffa8d774000 	C:\WINDOWS\SYSTEM32\WINMM.dll
0x00007ffa7eba0000 - 0x00007ffa7eba9000 	C:\WINDOWS\SYSTEM32\WSOCK32.dll
0x00007ffa93040000 - 0x00007ffa930af000 	C:\WINDOWS\System32\WS2_32.dll
0x00007ffa8d720000 - 0x00007ffa8d74d000 	C:\WINDOWS\SYSTEM32\winmmbase.dll
0x00007ffa91970000 - 0x00007ffa919ba000 	C:\WINDOWS\System32\cfgmgr32.dll
0x00007ffa918b0000 - 0x00007ffa918c1000 	C:\WINDOWS\System32\kernel.appcore.dll
0x00007ffa8bea0000 - 0x00007ffa8beb1000 	C:\Program Files\Java\jdk-12.0.2\bin\verify.dll
0x00007ffa90120000 - 0x00007ffa90314000 	C:\WINDOWS\SYSTEM32\DBGHELP.DLL
0x00007ffa7b070000 - 0x00007ffa7b09a000 	C:\WINDOWS\SYSTEM32\dbgcore.DLL
0x00007ffa8bec0000 - 0x00007ffa8bee6000 	C:\Program Files\Java\jdk-12.0.2\bin\java.dll
0x00007ffa8b9e0000 - 0x00007ffa8b9f7000 	C:\Program Files\Java\jdk-12.0.2\bin\zip.dll
0x00007ffa8e070000 - 0x00007ffa8e07a000 	C:\Program Files\Java\jdk-12.0.2\bin\jimage.dll

dbghelp: loaded successfully - version: 4.0.5 - missing functions: none
symbol engine: initialized successfully - sym options: 0x614 - pdb path: .;C:\Program Files\Java\jdk-12.0.2\bin;C:\WINDOWS\SYSTEM32;C:\WINDOWS\WinSxS\amd64_microsoft.windows.common-controls_6595b64144ccf1df_6.0.18362.836_none_e6c4b943130f18ed;C:\Program Files\Java\jdk-12.0.2\bin\server

VM Arguments:
jvm_args: -Dfile.encoding=UTF-8 --module-path=C:\Users\Harry Brar\Documents\NetBeansProjects\920060268FINAL\build\classes 
java_command: pkg920060268final.Main
java_class_path (initial): C:\Users\Harry Brar\Documents\NetBeansProjects\920060268FINAL\build\classes
Launcher Type: SUN_STANDARD

[Global flags]
     intx CICompilerCount                          = 4                                         {product} {ergonomic}
     uint ConcGCThreads                            = 3                                         {product} {ergonomic}
     uint G1ConcRefinementThreads                  = 10                                        {product} {ergonomic}
   size_t G1HeapRegionSize                         = 1048576                                   {product} {ergonomic}
    uintx GCDrainStackTargetSize                   = 64                                        {product} {ergonomic}
   size_t InitialHeapSize                          = 266338304                                 {product} {ergonomic}
   size_t MarkStackSize                            = 4194304                                   {product} {ergonomic}
   size_t MaxHeapSize                              = 4242538496                                {product} {ergonomic}
   size_t MinHeapDeltaBytes                        = 1048576                                   {product} {ergonomic}
    uintx NonNMethodCodeHeapSize                   = 5836300                                {pd product} {ergonomic}
    uintx NonProfiledCodeHeapSize                  = 122910970                              {pd product} {ergonomic}
    uintx ProfiledCodeHeapSize                     = 122910970                              {pd product} {ergonomic}
    uintx ReservedCodeCacheSize                    = 251658240                              {pd product} {ergonomic}
     bool SegmentedCodeCache                       = true                                      {product} {ergonomic}
     bool UseCompressedClassPointers               = true                                 {lp64_product} {ergonomic}
     bool UseCompressedOops                        = true                                 {lp64_product} {ergonomic}
     bool UseG1GC                                  = true                                      {product} {ergonomic}
     bool UseLargePagesIndividualAllocation        = false                                  {pd product} {ergonomic}

Logging:
Log output configuration:
 #0: stdout all=warning uptime,level,tags
 #1: stderr all=off uptime,level,tags

Environment Variables:
PATH=C:\Windows\system32;C:\Windows;C:\Windows\System32\Wbem;C:\Windows\System32\WindowsPowerShell\v1.0\;C:\Windows\System32\OpenSSH\;C:\WINDOWS\system32;C:\WINDOWS;C:\WINDOWS\System32\Wbem;C:\WINDOWS\System32\WindowsPowerShell\v1.0\;C:\WINDOWS\System32\OpenSSH\;C:\Program Files\Intel\WiFi\bin\;C:\Program Files\Common Files\Intel\WirelessCommon\;C:\Program Files\NVIDIA Corporation\NVIDIA NvDLISR;C:\Program Files (x86)\NVIDIA Corporation\PhysX\Common;C:\Program Files (x86)\Intel\Intel(R) Management Engine Components\DAL;C:\Program Files\Intel\Intel(R) Management Engine Components\DAL;C:\WINDOWS\system32;C:\WINDOWS;C:\WINDOWS\System32\Wbem;C:\WINDOWS\System32\WindowsPowerShell\v1.0\;C:\WINDOWS\System32\OpenSSH\;D:\MATHWORKS\bin;C:\Program Files (x86)\Wolfram Research\WolframScript\;C:\Users\Harry Brar\AppData\Local\Microsoft\WindowsApps;
USERNAME=Harry Brar
OS=Windows_NT
PROCESSOR_IDENTIFIER=Intel64 Family 6 Model 158 Stepping 10, GenuineIntel



---------------  S Y S T E M  ---------------

OS: Windows 10 , 64 bit Build 18362 (10.0.18362.778)

CPU:total 12 (initial active 12) (6 cores per cpu, 2 threads per core) family 6 model 158 stepping 10, cmov, cx8, fxsr, mmx, sse, sse2, sse3, ssse3, sse4.1, sse4.2, popcnt, avx, avx2, aes, clmul, erms, 3dnowpref, lzcnt, ht, tsc, tscinvbit, bmi1, bmi2, adx, fma

Memory: 4k page, system-wide physical 16178M (4433M free)
TotalPageFile size 28178M (AvailPageFile size 14M)
current process WorkingSet (physical memory assigned to process): 10M, peak: 10M
current process commit charge ("private bytes"): 65M, peak: 319M

vm_info: Java HotSpot(TM) 64-Bit Server VM (12.0.2+10) for windows-amd64 JRE (12.0.2+10), built on Jul 16 2019 01:56:17 by "mach5one" with MS VC++ 15.5 (VS2017)

END.
